\BOOKMARK [1][-]{section.1}{Einleitung}{}% 1
\BOOKMARK [2][-]{subsection.1.1}{Motivation}{section.1}% 2
\BOOKMARK [2][-]{subsection.1.2}{\334bersicht}{section.1}% 3
\BOOKMARK [2][-]{subsection.1.3}{Entwicklung und Entscheidungen}{section.1}% 4
\BOOKMARK [2][-]{subsection.1.4}{Quadrocopterdynamik}{section.1}% 5
\BOOKMARK [2][-]{subsection.1.5}{Herleitung}{section.1}% 6
\BOOKMARK [3][-]{subsubsection.1.5.1}{Quaternionen}{subsection.1.5}% 7
\BOOKMARK [2][-]{subsection.1.6}{Sensitivit\344ten}{section.1}% 8
\BOOKMARK [3][-]{subsubsection.1.6.1}{Jacobimatrix}{subsection.1.6}% 9
\BOOKMARK [3][-]{subsubsection.1.6.2}{Hessematrix}{subsection.1.6}% 10
\BOOKMARK [2][-]{subsection.1.7}{Implementierung}{section.1}% 11
\BOOKMARK [3][-]{subsubsection.1.7.1}{Parameterfindung}{subsection.1.7}% 12
\BOOKMARK [3][-]{subsubsection.1.7.2}{Tests}{subsection.1.7}% 13
\BOOKMARK [2][-]{subsection.1.8}{Diskretisierung}{section.1}% 14
\BOOKMARK [2][-]{subsection.1.9}{Multiple shooting}{section.1}% 15
\BOOKMARK [2][-]{subsection.1.10}{SQP - Methode}{section.1}% 16
\BOOKMARK [3][-]{subsubsection.1.10.1}{Approximation}{subsection.1.10}% 17
\BOOKMARK [2][-]{subsection.1.11}{Implementierung}{section.1}% 18
\BOOKMARK [3][-]{subsubsection.1.11.1}{Lagrange}{subsection.1.11}% 19
\BOOKMARK [3][-]{subsubsection.1.11.2}{Nebenbedingungen}{subsection.1.11}% 20
\BOOKMARK [3][-]{subsubsection.1.11.3}{Test}{subsection.1.11}% 21
\BOOKMARK [1][-]{section.2}{Riccati - Rekursion}{}% 22
\BOOKMARK [2][-]{subsection.2.1}{Implementierung}{section.2}% 23
\BOOKMARK [3][-]{subsubsection.2.1.1}{Test}{subsection.2.1}% 24
\BOOKMARK [1][-]{section.3}{Programmablaufplan}{}% 25
\BOOKMARK [2][-]{subsection.3.1}{Parallelisierung}{section.3}% 26
\BOOKMARK [3][-]{subsubsection.3.1.1}{Riccati}{subsection.3.1}% 27
\BOOKMARK [2][-]{subsection.3.2}{Multiple Shooting}{section.3}% 28
\BOOKMARK [3][-]{subsubsection.3.2.1}{Implementierung}{subsection.3.2}% 29
\BOOKMARK [1][-]{section.4}{Ausblick}{}% 30
\BOOKMARK [1][-]{appendix.A}{Anhang}{}% 31
